0 info it worked if it ends with ok
1 verbose cli [ 'D:\\Program Files\\nodejs\\node.exe',
1 verbose cli   'D:\\Program Files\\nodejs\\node_modules\\npm\\bin\\npm-cli.js',
1 verbose cli   'publish' ]
2 info using npm@3.10.10
3 info using node@v6.9.3
4 verbose publish [ '.' ]
5 silly cache add args [ '.', null ]
6 verbose cache add spec .
7 silly cache add parsed spec Result {
7 silly cache add   raw: '.',
7 silly cache add   scope: null,
7 silly cache add   escapedName: null,
7 silly cache add   name: null,
7 silly cache add   rawSpec: '.',
7 silly cache add   spec: 'E:\\npm\\vue-touch-add-className',
7 silly cache add   type: 'directory' }
8 verbose addLocalDirectory C:\Users\666\AppData\Roaming\npm-cache\vtac\1.0.0\package.tgz not in flight; packing
9 verbose correctMkdir C:\Users\666\AppData\Roaming\npm-cache correctMkdir not in flight; initializing
10 info lifecycle vtac@1.0.0~prepublish: vtac@1.0.0
11 silly lifecycle vtac@1.0.0~prepublish: no script for prepublish, continuing
12 verbose tar pack [ 'C:\\Users\\666\\AppData\\Roaming\\npm-cache\\vtac\\1.0.0\\package.tgz',
12 verbose tar pack   'E:\\npm\\vue-touch-add-className' ]
13 verbose tarball C:\Users\666\AppData\Roaming\npm-cache\vtac\1.0.0\package.tgz
14 verbose folder E:\npm\vue-touch-add-className
15 verbose addLocalTarball adding from inside cache C:\Users\666\AppData\Roaming\npm-cache\vtac\1.0.0\package.tgz
16 verbose correctMkdir C:\Users\666\AppData\Roaming\npm-cache correctMkdir not in flight; initializing
17 silly cache afterAdd vtac@1.0.0
18 verbose afterAdd C:\Users\666\AppData\Roaming\npm-cache\vtac\1.0.0\package\package.json not in flight; writing
19 verbose correctMkdir C:\Users\666\AppData\Roaming\npm-cache correctMkdir not in flight; initializing
20 verbose afterAdd C:\Users\666\AppData\Roaming\npm-cache\vtac\1.0.0\package\package.json written
21 silly publish { name: 'vtac',
21 silly publish   version: '1.0.0',
21 silly publish   description: 'document touch event add className',
21 silly publish   main: 'index.js',
21 silly publish   scripts: { test: 'touch' },
21 silly publish   'dist-tags': { latest: '1.0.1' },
21 silly publish   versions: [ '1.0.0', '1.0.1' ],
21 silly publish   repository:
21 silly publish    { type: 'git',
21 silly publish      url: 'git+https://github.com/w550/vue-touch-add-className.git' },
21 silly publish   keywords: [ 'vue', 'touch' ],
21 silly publish   author: { name: '550' },
21 silly publish   license: 'ISC',
21 silly publish   bugs: { url: 'https://github.com/w550/vue-touch-add-className/issues' },
21 silly publish   homepage: 'https://github.com/w550/vue-touch-add-className#readme',
21 silly publish   devDependencies: { alloytouch: '^0.2.1' },
21 silly publish   readme: '# vue-touch-add-className\r\ndocument touch event add className\r\n',
21 silly publish   readmeFilename: 'README.md',
21 silly publish   gitHead: 'eafee90a75122c2ab88f7ff6692402abcaa14cd1',
21 silly publish   _id: 'vtac@1.0.0',
21 silly publish   _shasum: '3c998944ba07a6fa1a7f799a579255c5016fdd4b',
21 silly publish   _from: '.' }
22 verbose getPublishConfig undefined
23 silly mapToRegistry name vtac
24 silly mapToRegistry using default registry
25 silly mapToRegistry registry https://registry.npmjs.org/
26 silly mapToRegistry data Result {
26 silly mapToRegistry   raw: 'vtac',
26 silly mapToRegistry   scope: null,
26 silly mapToRegistry   escapedName: 'vtac',
26 silly mapToRegistry   name: 'vtac',
26 silly mapToRegistry   rawSpec: '',
26 silly mapToRegistry   spec: 'latest',
26 silly mapToRegistry   type: 'tag' }
27 silly mapToRegistry uri https://registry.npmjs.org/vtac
28 verbose publish registryBase https://registry.npmjs.org/
29 silly publish uploading C:\Users\666\AppData\Roaming\npm-cache\vtac\1.0.0\package.tgz
30 verbose request uri https://registry.npmjs.org/vtac
31 verbose request sending authorization for write operation
32 info attempt registry request try #1 at 16:51:47
33 verbose request using bearer token for auth
34 verbose request id c7f4abb054fb85c3
35 http request PUT https://registry.npmjs.org/vtac
36 http 403 https://registry.npmjs.org/vtac
37 verbose headers { 'content-type': 'application/json',
37 verbose headers   'cache-control': 'max-age=300',
37 verbose headers   'content-length': '95',
37 verbose headers   'accept-ranges': 'bytes',
37 verbose headers   date: 'Tue, 14 Mar 2017 08:51:52 GMT',
37 verbose headers   via: '1.1 varnish',
37 verbose headers   connection: 'keep-alive',
37 verbose headers   'x-served-by': 'cache-nrt6132-NRT',
37 verbose headers   'x-cache': 'MISS',
37 verbose headers   'x-cache-hits': '0',
37 verbose headers   'x-timer': 'S1489481506.613088,VS0,VE5727',
37 verbose headers   vary: 'Accept-Encoding' }
38 verbose request invalidating C:\Users\666\AppData\Roaming\npm-cache\registry.npmjs.org\vtac on PUT
39 error publish Failed PUT 403
40 verbose stack Error: "You cannot publish over the previously published version 1.0.0." : vtac
40 verbose stack     at makeError (D:\Program Files\nodejs\node_modules\npm\node_modules\npm-registry-client\lib\request.js:302:12)
40 verbose stack     at CachingRegistryClient.<anonymous> (D:\Program Files\nodejs\node_modules\npm\node_modules\npm-registry-client\lib\request.js:290:14)
40 verbose stack     at Request._callback (D:\Program Files\nodejs\node_modules\npm\node_modules\npm-registry-client\lib\request.js:210:14)
40 verbose stack     at Request.self.callback (D:\Program Files\nodejs\node_modules\npm\node_modules\request\request.js:187:22)
40 verbose stack     at emitTwo (events.js:106:13)
40 verbose stack     at Request.emit (events.js:191:7)
40 verbose stack     at Request.<anonymous> (D:\Program Files\nodejs\node_modules\npm\node_modules\request\request.js:1048:10)
40 verbose stack     at emitOne (events.js:96:13)
40 verbose stack     at Request.emit (events.js:188:7)
40 verbose stack     at IncomingMessage.<anonymous> (D:\Program Files\nodejs\node_modules\npm\node_modules\request\request.js:969:12)
41 verbose statusCode 403
42 verbose pkgid vtac
43 verbose cwd E:\npm\vue-touch-add-className
44 error Windows_NT 10.0.14393
45 error argv "D:\\Program Files\\nodejs\\node.exe" "D:\\Program Files\\nodejs\\node_modules\\npm\\bin\\npm-cli.js" "publish"
46 error node v6.9.3
47 error npm  v3.10.10
48 error code E403
49 error "You cannot publish over the previously published version 1.0.0." : vtac
50 error If you need help, you may report this error at:
50 error     <https://github.com/npm/npm/issues>
51 verbose exit [ 1, true ]
